<?xml version="1.0" encoding="UTF-8"?>
<testsuite xmlns:xsi="http://www.w3.org/2001/XMLSchema-instance" xsi:noNamespaceSchemaLocation="https://maven.apache.org/surefire/maven-surefire-plugin/xsd/surefire-test-report.xsd" version="3.0.2" name="com.trackmyfunds.specification.ExpenseSpecificationTest" time="4.989" tests="12" errors="0" skipped="0" failures="0">
  <properties>
[...]
</properties>
  <testcase name="byDateRange_onlyTo_returnsOnOrBefore" classname="com.trackmyfunds.specification.ExpenseSpecificationTest" time="0.554">
    <system-out><![CDATA[2026-05-05T21:03:50.729+05:30  INFO 29976 --- [TrackMyFunds] [           main] t.c.s.AnnotationConfigContextLoaderUtils : Could not detect default configuration classes for test class [com.trackmyfunds.specification.ExpenseSpecificationTest]: ExpenseSpecificationTest does not declare any static, non-private, non-final, nested classes annotated with @Configuration.
2026-05-05T21:03:50.778+05:30  INFO 29976 --- [TrackMyFunds] [           main] .b.t.c.SpringBootTestContextBootstrapper : Found @SpringBootConfiguration com.trackmyfunds.TrackMyFundsApplication for test class com.trackmyfunds.specification.ExpenseSpecificationTest
2026-05-05T21:03:50.783+05:30  INFO 29976 --- [TrackMyFunds] [           main] o.s.b.d.r.RestartApplicationListener     : Restart disabled due to context in which it is running

  .   ____          _            __ _ _
 /\\ / ___'_ __ _ _(_)_ __  __ _ \ \ \ \
( ( )\___ | '_ | '_| | '_ \/ _` | \ \ \ \
 \\/  ___)| |_)| | | | | || (_| |  ) ) ) )
  '  |____| .__|_| |_|_| |_\__, | / / / /
 =========|_|==============|___/=/_/_/_/

 :: Spring Boot ::                (v3.4.5)

2026-05-05T21:03:50.818+05:30  INFO 29976 --- [TrackMyFunds] [           main] c.t.s.ExpenseSpecificationTest           : Starting ExpenseSpecificationTest using Java 21 with PID 29976 (started by 2438932 in C:\Users\2438932\OneDrive - Cognizant\Desktop\TrackMyFunds)
2026-05-05T21:03:50.819+05:30  INFO 29976 --- [TrackMyFunds] [           main] c.t.s.ExpenseSpecificationTest           : The following 1 profile is active: "test"
2026-05-05T21:03:51.162+05:30  INFO 29976 --- [TrackMyFunds] [           main] .s.d.r.c.RepositoryConfigurationDelegate : Bootstrapping Spring Data JPA repositories in DEFAULT mode.
2026-05-05T21:03:51.269+05:30  INFO 29976 --- [TrackMyFunds] [           main] .s.d.r.c.RepositoryConfigurationDelegate : Finished Spring Data repository scanning in 87 ms. Found 1 JPA repository interface.
2026-05-05T21:03:51.414+05:30  INFO 29976 --- [TrackMyFunds] [           main] beddedDataSourceBeanFactoryPostProcessor : Replacing 'dataSource' DataSource bean with embedded version
2026-05-05T21:03:51.580+05:30  INFO 29976 --- [TrackMyFunds] [           main] o.s.j.d.e.EmbeddedDatabaseFactory        : Starting embedded database: url='jdbc:h2:mem:4ba8ec15-34fa-4b96-bc93-7f34802b41da;DB_CLOSE_DELAY=-1;DB_CLOSE_ON_EXIT=false', username='sa'
2026-05-05T21:03:52.207+05:30  INFO 29976 --- [TrackMyFunds] [           main] o.hibernate.jpa.internal.util.LogHelper  : HHH000204: Processing PersistenceUnitInfo [name: default]
2026-05-05T21:03:52.473+05:30  INFO 29976 --- [TrackMyFunds] [           main] org.hibernate.Version                    : HHH000412: Hibernate ORM core version 6.6.13.Final
2026-05-05T21:03:52.571+05:30  INFO 29976 --- [TrackMyFunds] [           main] o.h.c.internal.RegionFactoryInitiator    : HHH000026: Second-level cache disabled
2026-05-05T21:03:52.755+05:30  INFO 29976 --- [TrackMyFunds] [           main] o.s.o.j.p.SpringPersistenceUnitInfo      : No LoadTimeWeaver setup: ignoring JPA class transformer
2026-05-05T21:03:52.856+05:30  WARN 29976 --- [TrackMyFunds] [           main] org.hibernate.orm.deprecation            : HHH90000025: H2Dialect does not need to be specified explicitly using 'hibernate.dialect' (remove the property setting and it will be selected by default)
2026-05-05T21:03:52.872+05:30  INFO 29976 --- [TrackMyFunds] [           main] org.hibernate.orm.connections.pooling    : HHH10001005: Database info:
	Database JDBC URL [Connecting through datasource 'org.springframework.jdbc.datasource.embedded.EmbeddedDatabaseFactory$EmbeddedDataSourceProxy@5698a866']
	Database driver: undefined/unknown
	Database version: 2.3.232
	Autocommit mode: undefined/unknown
	Isolation level: undefined/unknown
	Minimum pool size: undefined/unknown
	Maximum pool size: undefined/unknown
2026-05-05T21:03:54.225+05:30  INFO 29976 --- [TrackMyFunds] [           main] o.h.e.t.j.p.i.JtaPlatformInitiator       : HHH000489: No JTA platform available (set 'hibernate.transaction.jta.platform' to enable JTA platform integration)
Hibernate: 
    drop table if exists expenses cascade 
Hibernate: 
    create table expenses (
        amount numeric(19,2) not null,
        date date not null,
        created_at timestamp(6),
        id bigint generated by default as identity,
        description TEXT,
        title varchar(255) not null,
        category enum ('EDUCATION','ENTERTAINMENT','FOOD','HEALTH','OTHER','SHOPPING','TRANSPORT','UTILITIES') not null,
        payment_method enum ('CARD','CASH','NETBANKING','UPI') not null,
        primary key (id)
    )
2026-05-05T21:03:54.276+05:30  INFO 29976 --- [TrackMyFunds] [           main] j.LocalContainerEntityManagerFactoryBean : Initialized JPA EntityManagerFactory for persistence unit 'default'
2026-05-05T21:03:54.817+05:30  INFO 29976 --- [TrackMyFunds] [           main] c.t.s.ExpenseSpecificationTest           : Started ExpenseSpecificationTest in 4.035 seconds (process running for 23.108)
Hibernate: 
    select
        e1_0.id,
        e1_0.amount,
        e1_0.category,
        e1_0.created_at,
        e1_0.date,
        e1_0.description,
        e1_0.payment_method,
        e1_0.title 
    from
        expenses e1_0
Hibernate: 
    insert 
    into
        expenses
        (amount, category, created_at, date, description, payment_method, title, id) 
    values
        (?, ?, ?, ?, ?, ?, ?, default)
Hibernate: 
    insert 
    into
        expenses
        (amount, category, created_at, date, description, payment_method, title, id) 
    values
        (?, ?, ?, ?, ?, ?, ?, default)
Hibernate: 
    insert 
    into
        expenses
        (amount, category, created_at, date, description, payment_method, title, id) 
    values
        (?, ?, ?, ?, ?, ?, ?, default)
Hibernate: 
    insert 
    into
        expenses
        (amount, category, created_at, date, description, payment_method, title, id) 
    values
        (?, ?, ?, ?, ?, ?, ?, default)
Hibernate: 
    select
        e1_0.id,
        e1_0.amount,
        e1_0.category,
        e1_0.created_at,
        e1_0.date,
        e1_0.description,
        e1_0.payment_method,
        e1_0.title 
    from
        expenses e1_0 
    where
        e1_0.date<=?
]]></system-out>
  </testcase>
  <testcase name="byKeyword_matchesTitle_caseInsensitive" classname="com.trackmyfunds.specification.ExpenseSpecificationTest" time="0.034">
    <system-out><![CDATA[Hibernate: 
    select
        e1_0.id,
        e1_0.amount,
        e1_0.category,
        e1_0.created_at,
        e1_0.date,
        e1_0.description,
        e1_0.payment_method,
        e1_0.title 
    from
        expenses e1_0
Hibernate: 
    insert 
    into
        expenses
        (amount, category, created_at, date, description, payment_method, title, id) 
    values
        (?, ?, ?, ?, ?, ?, ?, default)
Hibernate: 
    insert 
    into
        expenses
        (amount, category, created_at, date, description, payment_method, title, id) 
    values
        (?, ?, ?, ?, ?, ?, ?, default)
Hibernate: 
    insert 
    into
        expenses
        (amount, category, created_at, date, description, payment_method, title, id) 
    values
        (?, ?, ?, ?, ?, ?, ?, default)
Hibernate: 
    insert 
    into
        expenses
        (amount, category, created_at, date, description, payment_method, title, id) 
    values
        (?, ?, ?, ?, ?, ?, ?, default)
Hibernate: 
    select
        e1_0.id,
        e1_0.amount,
        e1_0.category,
        e1_0.created_at,
        e1_0.date,
        e1_0.description,
        e1_0.payment_method,
        e1_0.title 
    from
        expenses e1_0 
    where
        lower(e1_0.title) like ? escape '' 
        or lower(e1_0.description) like ? escape ''
]]></system-out>
  </testcase>
  <testcase name="byKeyword_matchesDescription" classname="com.trackmyfunds.specification.ExpenseSpecificationTest" time="0.025">
    <system-out><![CDATA[Hibernate: 
    select
        e1_0.id,
        e1_0.amount,
        e1_0.category,
        e1_0.created_at,
        e1_0.date,
        e1_0.description,
        e1_0.payment_method,
        e1_0.title 
    from
        expenses e1_0
Hibernate: 
    insert 
    into
        expenses
        (amount, category, created_at, date, description, payment_method, title, id) 
    values
        (?, ?, ?, ?, ?, ?, ?, default)
Hibernate: 
    insert 
    into
        expenses
        (amount, category, created_at, date, description, payment_method, title, id) 
    values
        (?, ?, ?, ?, ?, ?, ?, default)
Hibernate: 
    insert 
    into
        expenses
        (amount, category, created_at, date, description, payment_method, title, id) 
    values
        (?, ?, ?, ?, ?, ?, ?, default)
Hibernate: 
    insert 
    into
        expenses
        (amount, category, created_at, date, description, payment_method, title, id) 
    values
        (?, ?, ?, ?, ?, ?, ?, default)
Hibernate: 
    select
        e1_0.id,
        e1_0.amount,
        e1_0.category,
        e1_0.created_at,
        e1_0.date,
        e1_0.description,
        e1_0.payment_method,
        e1_0.title 
    from
        expenses e1_0 
    where
        lower(e1_0.title) like ? escape '' 
        or lower(e1_0.description) like ? escape ''
]]></system-out>
  </testcase>
  <testcase name="byPaymentMethod_upi_returnsSingleRow" classname="com.trackmyfunds.specification.ExpenseSpecificationTest" time="0.022">
    <system-out><![CDATA[Hibernate: 
    select
        e1_0.id,
        e1_0.amount,
        e1_0.category,
        e1_0.created_at,
        e1_0.date,
        e1_0.description,
        e1_0.payment_method,
        e1_0.title 
    from
        expenses e1_0
Hibernate: 
    insert 
    into
        expenses
        (amount, category, created_at, date, description, payment_method, title, id) 
    values
        (?, ?, ?, ?, ?, ?, ?, default)
Hibernate: 
    insert 
    into
        expenses
        (amount, category, created_at, date, description, payment_method, title, id) 
    values
        (?, ?, ?, ?, ?, ?, ?, default)
Hibernate: 
    insert 
    into
        expenses
        (amount, category, created_at, date, description, payment_method, title, id) 
    values
        (?, ?, ?, ?, ?, ?, ?, default)
Hibernate: 
    insert 
    into
        expenses
        (amount, category, created_at, date, description, payment_method, title, id) 
    values
        (?, ?, ?, ?, ?, ?, ?, default)
Hibernate: 
    select
        e1_0.id,
        e1_0.amount,
        e1_0.category,
        e1_0.created_at,
        e1_0.date,
        e1_0.description,
        e1_0.payment_method,
        e1_0.title 
    from
        expenses e1_0 
    where
        e1_0.payment_method=?
]]></system-out>
  </testcase>
  <testcase name="byDateRange_bothBounds_inclusiveMatch" classname="com.trackmyfunds.specification.ExpenseSpecificationTest" time="0.025">
    <system-out><![CDATA[Hibernate: 
    select
        e1_0.id,
        e1_0.amount,
        e1_0.category,
        e1_0.created_at,
        e1_0.date,
        e1_0.description,
        e1_0.payment_method,
        e1_0.title 
    from
        expenses e1_0
Hibernate: 
    insert 
    into
        expenses
        (amount, category, created_at, date, description, payment_method, title, id) 
    values
        (?, ?, ?, ?, ?, ?, ?, default)
Hibernate: 
    insert 
    into
        expenses
        (amount, category, created_at, date, description, payment_method, title, id) 
    values
        (?, ?, ?, ?, ?, ?, ?, default)
Hibernate: 
    insert 
    into
        expenses
        (amount, category, created_at, date, description, payment_method, title, id) 
    values
        (?, ?, ?, ?, ?, ?, ?, default)
Hibernate: 
    insert 
    into
        expenses
        (amount, category, created_at, date, description, payment_method, title, id) 
    values
        (?, ?, ?, ?, ?, ?, ?, default)
Hibernate: 
    select
        e1_0.id,
        e1_0.amount,
        e1_0.category,
        e1_0.created_at,
        e1_0.date,
        e1_0.description,
        e1_0.payment_method,
        e1_0.title 
    from
        expenses e1_0 
    where
        e1_0.date between ? and ?
]]></system-out>
  </testcase>
  <testcase name="emptyFilter_returnsAllRows" classname="com.trackmyfunds.specification.ExpenseSpecificationTest" time="0.019">
    <system-out><![CDATA[Hibernate: 
    select
        e1_0.id,
        e1_0.amount,
        e1_0.category,
        e1_0.created_at,
        e1_0.date,
        e1_0.description,
        e1_0.payment_method,
        e1_0.title 
    from
        expenses e1_0
Hibernate: 
    insert 
    into
        expenses
        (amount, category, created_at, date, description, payment_method, title, id) 
    values
        (?, ?, ?, ?, ?, ?, ?, default)
Hibernate: 
    insert 
    into
        expenses
        (amount, category, created_at, date, description, payment_method, title, id) 
    values
        (?, ?, ?, ?, ?, ?, ?, default)
Hibernate: 
    insert 
    into
        expenses
        (amount, category, created_at, date, description, payment_method, title, id) 
    values
        (?, ?, ?, ?, ?, ?, ?, default)
Hibernate: 
    insert 
    into
        expenses
        (amount, category, created_at, date, description, payment_method, title, id) 
    values
        (?, ?, ?, ?, ?, ?, ?, default)
Hibernate: 
    select
        e1_0.id,
        e1_0.amount,
        e1_0.category,
        e1_0.created_at,
        e1_0.date,
        e1_0.description,
        e1_0.payment_method,
        e1_0.title 
    from
        expenses e1_0
]]></system-out>
  </testcase>
  <testcase name="byCategory_food_returnsTwoMatchingRows" classname="com.trackmyfunds.specification.ExpenseSpecificationTest" time="0.036">
    <system-out><![CDATA[Hibernate: 
    select
        e1_0.id,
        e1_0.amount,
        e1_0.category,
        e1_0.created_at,
        e1_0.date,
        e1_0.description,
        e1_0.payment_method,
        e1_0.title 
    from
        expenses e1_0
Hibernate: 
    insert 
    into
        expenses
        (amount, category, created_at, date, description, payment_method, title, id) 
    values
        (?, ?, ?, ?, ?, ?, ?, default)
Hibernate: 
    insert 
    into
        expenses
        (amount, category, created_at, date, description, payment_method, title, id) 
    values
        (?, ?, ?, ?, ?, ?, ?, default)
Hibernate: 
    insert 
    into
        expenses
        (amount, category, created_at, date, description, payment_method, title, id) 
    values
        (?, ?, ?, ?, ?, ?, ?, default)
Hibernate: 
    insert 
    into
        expenses
        (amount, category, created_at, date, description, payment_method, title, id) 
    values
        (?, ?, ?, ?, ?, ?, ?, default)
Hibernate: 
    select
        e1_0.id,
        e1_0.amount,
        e1_0.category,
        e1_0.created_at,
        e1_0.date,
        e1_0.description,
        e1_0.payment_method,
        e1_0.title 
    from
        expenses e1_0 
    where
        e1_0.category=?
]]></system-out>
  </testcase>
  <testcase name="byAmountRange_bothBounds_inclusiveMatch" classname="com.trackmyfunds.specification.ExpenseSpecificationTest" time="0.037">
    <system-out><![CDATA[Hibernate: 
    select
        e1_0.id,
        e1_0.amount,
        e1_0.category,
        e1_0.created_at,
        e1_0.date,
        e1_0.description,
        e1_0.payment_method,
        e1_0.title 
    from
        expenses e1_0
Hibernate: 
    insert 
    into
        expenses
        (amount, category, created_at, date, description, payment_method, title, id) 
    values
        (?, ?, ?, ?, ?, ?, ?, default)
Hibernate: 
    insert 
    into
        expenses
        (amount, category, created_at, date, description, payment_method, title, id) 
    values
        (?, ?, ?, ?, ?, ?, ?, default)
Hibernate: 
    insert 
    into
        expenses
        (amount, category, created_at, date, description, payment_method, title, id) 
    values
        (?, ?, ?, ?, ?, ?, ?, default)
Hibernate: 
    insert 
    into
        expenses
        (amount, category, created_at, date, description, payment_method, title, id) 
    values
        (?, ?, ?, ?, ?, ?, ?, default)
Hibernate: 
    select
        e1_0.id,
        e1_0.amount,
        e1_0.category,
        e1_0.created_at,
        e1_0.date,
        e1_0.description,
        e1_0.payment_method,
        e1_0.title 
    from
        expenses e1_0 
    where
        e1_0.amount between ? and ?
]]></system-out>
  </testcase>
  <testcase name="byAmountRange_onlyMin_returnsAtLeastMin" classname="com.trackmyfunds.specification.ExpenseSpecificationTest" time="0.033">
    <system-out><![CDATA[Hibernate: 
    select
        e1_0.id,
        e1_0.amount,
        e1_0.category,
        e1_0.created_at,
        e1_0.date,
        e1_0.description,
        e1_0.payment_method,
        e1_0.title 
    from
        expenses e1_0
Hibernate: 
    insert 
    into
        expenses
        (amount, category, created_at, date, description, payment_method, title, id) 
    values
        (?, ?, ?, ?, ?, ?, ?, default)
Hibernate: 
    insert 
    into
        expenses
        (amount, category, created_at, date, description, payment_method, title, id) 
    values
        (?, ?, ?, ?, ?, ?, ?, default)
Hibernate: 
    insert 
    into
        expenses
        (amount, category, created_at, date, description, payment_method, title, id) 
    values
        (?, ?, ?, ?, ?, ?, ?, default)
Hibernate: 
    insert 
    into
        expenses
        (amount, category, created_at, date, description, payment_method, title, id) 
    values
        (?, ?, ?, ?, ?, ?, ?, default)
Hibernate: 
    select
        e1_0.id,
        e1_0.amount,
        e1_0.category,
        e1_0.created_at,
        e1_0.date,
        e1_0.description,
        e1_0.payment_method,
        e1_0.title 
    from
        expenses e1_0 
    where
        e1_0.amount>=?
]]></system-out>
  </testcase>
  <testcase name="byDateRange_onlyFrom_returnsOnOrAfter" classname="com.trackmyfunds.specification.ExpenseSpecificationTest" time="0.026">
    <system-out><![CDATA[Hibernate: 
    select
        e1_0.id,
        e1_0.amount,
        e1_0.category,
        e1_0.created_at,
        e1_0.date,
        e1_0.description,
        e1_0.payment_method,
        e1_0.title 
    from
        expenses e1_0
Hibernate: 
    insert 
    into
        expenses
        (amount, category, created_at, date, description, payment_method, title, id) 
    values
        (?, ?, ?, ?, ?, ?, ?, default)
Hibernate: 
    insert 
    into
        expenses
        (amount, category, created_at, date, description, payment_method, title, id) 
    values
        (?, ?, ?, ?, ?, ?, ?, default)
Hibernate: 
    insert 
    into
        expenses
        (amount, category, created_at, date, description, payment_method, title, id) 
    values
        (?, ?, ?, ?, ?, ?, ?, default)
Hibernate: 
    insert 
    into
        expenses
        (amount, category, created_at, date, description, payment_method, title, id) 
    values
        (?, ?, ?, ?, ?, ?, ?, default)
Hibernate: 
    select
        e1_0.id,
        e1_0.amount,
        e1_0.category,
        e1_0.created_at,
        e1_0.date,
        e1_0.description,
        e1_0.payment_method,
        e1_0.title 
    from
        expenses e1_0 
    where
        e1_0.date>=?
]]></system-out>
  </testcase>
  <testcase name="byAmountRange_onlyMax_returnsAtMostMax" classname="com.trackmyfunds.specification.ExpenseSpecificationTest" time="0.031">
    <system-out><![CDATA[Hibernate: 
    select
        e1_0.id,
        e1_0.amount,
        e1_0.category,
        e1_0.created_at,
        e1_0.date,
        e1_0.description,
        e1_0.payment_method,
        e1_0.title 
    from
        expenses e1_0
Hibernate: 
    insert 
    into
        expenses
        (amount, category, created_at, date, description, payment_method, title, id) 
    values
        (?, ?, ?, ?, ?, ?, ?, default)
Hibernate: 
    insert 
    into
        expenses
        (amount, category, created_at, date, description, payment_method, title, id) 
    values
        (?, ?, ?, ?, ?, ?, ?, default)
Hibernate: 
    insert 
    into
        expenses
        (amount, category, created_at, date, description, payment_method, title, id) 
    values
        (?, ?, ?, ?, ?, ?, ?, default)
Hibernate: 
    insert 
    into
        expenses
        (amount, category, created_at, date, description, payment_method, title, id) 
    values
        (?, ?, ?, ?, ?, ?, ?, default)
Hibernate: 
    select
        e1_0.id,
        e1_0.amount,
        e1_0.category,
        e1_0.created_at,
        e1_0.date,
        e1_0.description,
        e1_0.payment_method,
        e1_0.title 
    from
        expenses e1_0 
    where
        e1_0.amount<=?
]]></system-out>
  </testcase>
  <testcase name="combined_categoryAndMinAmount_returnsIntersection" classname="com.trackmyfunds.specification.ExpenseSpecificationTest" time="0.03">
    <system-out><![CDATA[Hibernate: 
    select
        e1_0.id,
        e1_0.amount,
        e1_0.category,
        e1_0.created_at,
        e1_0.date,
        e1_0.description,
        e1_0.payment_method,
        e1_0.title 
    from
        expenses e1_0
Hibernate: 
    insert 
    into
        expenses
        (amount, category, created_at, date, description, payment_method, title, id) 
    values
        (?, ?, ?, ?, ?, ?, ?, default)
Hibernate: 
    insert 
    into
        expenses
        (amount, category, created_at, date, description, payment_method, title, id) 
    values
        (?, ?, ?, ?, ?, ?, ?, default)
Hibernate: 
    insert 
    into
        expenses
        (amount, category, created_at, date, description, payment_method, title, id) 
    values
        (?, ?, ?, ?, ?, ?, ?, default)
Hibernate: 
    insert 
    into
        expenses
        (amount, category, created_at, date, description, payment_method, title, id) 
    values
        (?, ?, ?, ?, ?, ?, ?, default)
Hibernate: 
    select
        e1_0.id,
        e1_0.amount,
        e1_0.category,
        e1_0.created_at,
        e1_0.date,
        e1_0.description,
        e1_0.payment_method,
        e1_0.title 
    from
        expenses e1_0 
    where
        e1_0.category=? 
        and e1_0.amount>=?
]]></system-out>
  </testcase>
</testsuite>